<?xml version="1.0" encoding="UTF-8"?>
<!-- Generated by org.testng.reporters.JUnitReportReporter -->
<testsuite hostname="DESKTOP-0I6U5C8" failures="0" tests="1" name="testCases.LoginTest" time="6.847" errors="0" timestamp="2024-10-18T00:03:15 IST" skipped="0">
  <testcase classname="testCases.LoginTest" name="verify_Login" time="6.847"/>
</testsuite> <!-- testCases.LoginTest -->
